#
# There is insufficient memory for the Java Runtime Environment to continue.
# Native memory allocation (malloc) failed to allocate 1297616 bytes for Chunk::new
# Possible reasons:
#   The system is out of physical RAM or swap space
#   The process is running with CompressedOops enabled, and the Java Heap may be blocking the growth of the native heap
# Possible solutions:
#   Reduce memory load on the system
#   Increase physical memory or swap space
#   Check if swap backing store is full
#   Decrease Java heap size (-Xmx/-Xms)
#   Decrease number of Java threads
#   Decrease Java thread stack sizes (-Xss)
#   Set larger code cache with -XX:ReservedCodeCacheSize=
#   JVM is running with Unscaled Compressed Oops mode in which the Java heap is
#     placed in the first 4GB address space. The Java Heap base address is the
#     maximum limit for the native heap growth. Please use -XX:HeapBaseMinAddress
#     to set the Java Heap base and to place the Java Heap above 4GB virtual address.
# This output file may be truncated or incomplete.
#
#  Out of Memory Error (./src/hotspot/share/memory/arena.cpp:197), pid=13268, tid=18852
#
# JRE version: OpenJDK Runtime Environment (11.0.10) (build 11.0.10+0-b96-7249189)
# Java VM: OpenJDK 64-Bit Server VM (11.0.10+0-b96-7249189, mixed mode, tiered, compressed oops, g1 gc, windows-amd64)
# No core dump will be written. Minidumps are not enabled by default on client versions of Windows
#

---------------  S U M M A R Y ------------

Command Line: --add-opens=java.base/java.util=ALL-UNNAMED --add-opens=java.base/java.lang=ALL-UNNAMED --add-opens=java.base/java.lang.invoke=ALL-UNNAMED --add-opens=java.base/java.util=ALL-UNNAMED --add-opens=java.prefs/java.util.prefs=ALL-UNNAMED --add-opens=java.prefs/java.util.prefs=ALL-UNNAMED --add-opens=java.base/java.nio.charset=ALL-UNNAMED --add-opens=java.base/java.net=ALL-UNNAMED --add-opens=java.base/java.util.concurrent.atomic=ALL-UNNAMED -Xmx2048M -Dfile.encoding=windows-1252 -Duser.country=US -Duser.language=en -Duser.variant org.gradle.launcher.daemon.bootstrap.GradleDaemon 7.0.2

Host: Intel(R) Core(TM) i5-4300U CPU @ 1.90GHz, 4 cores, 7G,  Windows 10 , 64 bit Build 19041 (10.0.19041.1202)
Time: Tue Oct 12 10:45:52 2021 Pakistan Standard Time elapsed time: 45.334620 seconds (0d 0h 0m 45s)

---------------  T H R E A D  ---------------

Current thread (0x000002c1f67c7000):  JavaThread "C2 CompilerThread1" daemon [_thread_in_native, id=18852, stack(0x000000e0b2300000,0x000000e0b2400000)]


Current CompileTask:
C2:  45334 4301       4       groovyjarjarantlr4.v4.runtime.atn.PredictionContext::join (569 bytes)

Stack: [0x000000e0b2300000,0x000000e0b2400000]
Native frames: (J=compiled Java code, j=interpreted, Vv=VM code, C=native code)
V  [jvm.dll+0x5ecfaa]
V  [jvm.dll+0x722bd5]
V  [jvm.dll+0x72412d]
V  [jvm.dll+0x7247e3]
V  [jvm.dll+0x242928]
V  [jvm.dll+0xbc4fc]
V  [jvm.dll+0xbca0c]
V  [jvm.dll+0x352d7d]
V  [jvm.dll+0x19800c]
V  [jvm.dll+0x1fb70e]
V  [jvm.dll+0x1fa7f4]
V  [jvm.dll+0x18354c]
V  [jvm.dll+0x208ee7]
V  [jvm.dll+0x207731]
V  [jvm.dll+0x6eb1cf]
V  [jvm.dll+0x6e3d45]
V  [jvm.dll+0x5ebe96]
C  [ucrtbase.dll+0x21bb2]
C  [KERNEL32.DLL+0x17034]
C  [ntdll.dll+0x52651]


---------------  P R O C E S S  ---------------

Threads class SMR info:
_java_thread_list=0x000002c1f6992250, length=36, elements={
0x000002c1d5df9800, 0x000002c1f193c800, 0x000002c1f193d800, 0x000002c1f195b800,
0x000002c1f195c800, 0x000002c1f195d800, 0x000002c1f1960800, 0x000002c1f1987000,
0x000002c1f231c000, 0x000002c1f240c000, 0x000002c1f3e9c800, 0x000002c1f31fb000,
0x000002c1f27fc800, 0x000002c1f3273000, 0x000002c1f3469000, 0x000002c1f346a000,
0x000002c1f329a000, 0x000002c1f32c1800, 0x000002c1f2312000, 0x000002c1f33d3800,
0x000002c1f33d4800, 0x000002c1f33d0000, 0x000002c1f33d1000, 0x000002c1f33d2800,
0x000002c1f33ce800, 0x000002c1f33d5000, 0x000002c1f33cf800, 0x000002c1f33d2000,
0x000002c1f43e3000, 0x000002c1f43e2000, 0x000002c1f43e4000, 0x000002c1f43e5800,
0x000002c1f43e0800, 0x000002c1f43e1800, 0x000002c1f43e4800, 0x000002c1f67c7000
}

Java Threads: ( => current thread )
  0x000002c1d5df9800 JavaThread "main" [_thread_blocked, id=18624, stack(0x000000e0af600000,0x000000e0af700000)]
  0x000002c1f193c800 JavaThread "Reference Handler" daemon [_thread_blocked, id=8448, stack(0x000000e0afd00000,0x000000e0afe00000)]
  0x000002c1f193d800 JavaThread "Finalizer" daemon [_thread_blocked, id=14748, stack(0x000000e0afe00000,0x000000e0aff00000)]
  0x000002c1f195b800 JavaThread "Signal Dispatcher" daemon [_thread_blocked, id=8184, stack(0x000000e0aff00000,0x000000e0b0000000)]
  0x000002c1f195c800 JavaThread "Attach Listener" daemon [_thread_blocked, id=16144, stack(0x000000e0b0000000,0x000000e0b0100000)]
  0x000002c1f195d800 JavaThread "Service Thread" daemon [_thread_blocked, id=2656, stack(0x000000e0b0100000,0x000000e0b0200000)]
  0x000002c1f1960800 JavaThread "C2 CompilerThread0" daemon [_thread_in_native, id=13792, stack(0x000000e0b0200000,0x000000e0b0300000)]
  0x000002c1f1987000 JavaThread "C1 CompilerThread0" daemon [_thread_blocked, id=6656, stack(0x000000e0b0300000,0x000000e0b0400000)]
  0x000002c1f231c000 JavaThread "Sweeper thread" daemon [_thread_blocked, id=18440, stack(0x000000e0b0400000,0x000000e0b0500000)]
  0x000002c1f240c000 JavaThread "Common-Cleaner" daemon [_thread_blocked, id=17724, stack(0x000000e0b0500000,0x000000e0b0600000)]
  0x000002c1f3e9c800 JavaThread "Daemon health stats" [_thread_blocked, id=16584, stack(0x000000e0b0800000,0x000000e0b0900000)]
  0x000002c1f31fb000 JavaThread "Incoming local TCP Connector on port 57891" [_thread_in_native, id=18112, stack(0x000000e0b0900000,0x000000e0b0a00000)]
  0x000002c1f27fc800 JavaThread "Daemon periodic checks" [_thread_blocked, id=8368, stack(0x000000e0b0a00000,0x000000e0b0b00000)]
  0x000002c1f3273000 JavaThread "Daemon" [_thread_blocked, id=16592, stack(0x000000e0b0b00000,0x000000e0b0c00000)]
  0x000002c1f3469000 JavaThread "Handler for socket connection from /127.0.0.1:57891 to /127.0.0.1:57892" [_thread_in_native, id=17504, stack(0x000000e0b0c00000,0x000000e0b0d00000)]
  0x000002c1f346a000 JavaThread "Cancel handler" [_thread_blocked, id=14528, stack(0x000000e0b0d00000,0x000000e0b0e00000)]
  0x000002c1f329a000 JavaThread "Daemon worker" [_thread_in_vm, id=10708, stack(0x000000e0b0e00000,0x000000e0b0f00000)]
  0x000002c1f32c1800 JavaThread "Asynchronous log dispatcher for DefaultDaemonConnection: socket connection from /127.0.0.1:57891 to /127.0.0.1:57892" [_thread_blocked, id=18452, stack(0x000000e0b0f00000,0x000000e0b1000000)]
  0x000002c1f2312000 JavaThread "Stdin handler" [_thread_blocked, id=1496, stack(0x000000e0b1000000,0x000000e0b1100000)]
  0x000002c1f33d3800 JavaThread "Daemon client event forwarder" [_thread_blocked, id=18640, stack(0x000000e0b1100000,0x000000e0b1200000)]
  0x000002c1f33d4800 JavaThread "Cache worker for file hash cache (C:\Users\MrAA\.gradle\caches\7.0.2\fileHashes)" [_thread_blocked, id=2548, stack(0x000000e0b1200000,0x000000e0b1300000)]
  0x000002c1f33d0000 JavaThread "File lock request listener" [_thread_in_native, id=11472, stack(0x000000e0b1300000,0x000000e0b1400000)]
  0x000002c1f33d1000 JavaThread "Cache worker for journal cache (C:\Users\MrAA\.gradle\caches\journal-1)" [_thread_blocked, id=17884, stack(0x000000e0b1600000,0x000000e0b1700000)]
  0x000002c1f33d2800 JavaThread "Cache worker for file hash cache (C:\Users\MrAA\Desktop\stardroid-master\.gradle\7.0.2\fileHashes)" [_thread_blocked, id=13972, stack(0x000000e0b1700000,0x000000e0b1800000)]
  0x000002c1f33ce800 JavaThread "File watcher server" daemon [_thread_in_native, id=18804, stack(0x000000e0b1800000,0x000000e0b1900000)]
  0x000002c1f33d5000 JavaThread "File watcher consumer" daemon [_thread_blocked, id=18772, stack(0x000000e0b1900000,0x000000e0b1a00000)]
  0x000002c1f33cf800 JavaThread "jar transforms" [_thread_blocked, id=18832, stack(0x000000e0b1a00000,0x000000e0b1b00000)]
  0x000002c1f33d2000 JavaThread "jar transforms Thread 2" [_thread_blocked, id=16040, stack(0x000000e0b1b00000,0x000000e0b1c00000)]
  0x000002c1f43e3000 JavaThread "jar transforms Thread 3" [_thread_blocked, id=14388, stack(0x000000e0b1c00000,0x000000e0b1d00000)]
  0x000002c1f43e2000 JavaThread "jar transforms Thread 4" [_thread_blocked, id=8196, stack(0x000000e0b1d00000,0x000000e0b1e00000)]
  0x000002c1f43e4000 JavaThread "Cache worker for checksums cache (C:\Users\MrAA\Desktop\stardroid-master\.gradle\checksums)" [_thread_blocked, id=16260, stack(0x000000e0b1e00000,0x000000e0b1f00000)]
  0x000002c1f43e5800 JavaThread "Cache worker for cache directory md-supplier (C:\Users\MrAA\.gradle\caches\7.0.2\md-supplier)" [_thread_blocked, id=15756, stack(0x000000e0b1f00000,0x000000e0b2000000)]
  0x000002c1f43e0800 JavaThread "Cache worker for cache directory md-rule (C:\Users\MrAA\.gradle\caches\7.0.2\md-rule)" [_thread_blocked, id=18608, stack(0x000000e0b2000000,0x000000e0b2100000)]
  0x000002c1f43e1800 JavaThread "Cache worker for execution history cache (C:\Users\MrAA\.gradle\caches\7.0.2\executionHistory)" [_thread_blocked, id=15012, stack(0x000000e0b2100000,0x000000e0b2200000)]
  0x000002c1f43e4800 JavaThread "Cache worker for file content cache (C:\Users\MrAA\.gradle\caches\7.0.2\fileContent)" [_thread_blocked, id=5512, stack(0x000000e0b2200000,0x000000e0b2300000)]
=>0x000002c1f67c7000 JavaThread "C2 CompilerThread1" daemon [_thread_in_native, id=18852, stack(0x000000e0b2300000,0x000000e0b2400000)]

Other Threads:
  0x000002c1f193a000 VMThread "VM Thread" [stack: 0x000000e0afc00000,0x000000e0afd00000] [id=18564]
  0x000002c1f2419000 WatcherThread [stack: 0x000000e0b0600000,0x000000e0b0700000] [id=1272]
  0x000002c1d5e13000 GCTaskThread "GC Thread#0" [stack: 0x000000e0af700000,0x000000e0af800000] [id=18444]
  0x000002c1f2565000 GCTaskThread "GC Thread#1" [stack: 0x000000e0b0700000,0x000000e0b0800000] [id=8248]
  0x000002c1f33cd800 GCTaskThread "GC Thread#2" [stack: 0x000000e0b1400000,0x000000e0b1500000] [id=9820]
  0x000002c1f3253000 GCTaskThread "GC Thread#3" [stack: 0x000000e0b1500000,0x000000e0b1600000] [id=18948]
  0x000002c1d5e43000 ConcurrentGCThread "G1 Main Marker" [stack: 0x000000e0af800000,0x000000e0af900000] [id=18668]
  0x000002c1d5e45800 ConcurrentGCThread "G1 Conc#0" [stack: 0x000000e0af900000,0x000000e0afa00000] [id=18680]
  0x000002c1d5ed5800 ConcurrentGCThread "G1 Refine#0" [stack: 0x000000e0afa00000,0x000000e0afb00000] [id=18560]
  0x000002c1d5ed6800 ConcurrentGCThread "G1 Young RemSet Sampling" [stack: 0x000000e0afb00000,0x000000e0afc00000] [id=18728]

Threads with active compile tasks:
C2 CompilerThread0  45379 4229       4       groovyjarjarantlr4.v4.runtime.atn.PredictionContext::getCachedContext (297 bytes)
C2 CompilerThread1  45379 4301       4       groovyjarjarantlr4.v4.runtime.atn.PredictionContext::join (569 bytes)

VM state:not at safepoint (normal execution)

VM Mutex/Monitor currently owned by a thread: None

Heap address: 0x0000000080000000, size: 2048 MB, Compressed Oops mode: 32-bit
Narrow klass base: 0x0000000000000000, Narrow klass shift: 3
Compressed class space size: 1073741824 Address: 0x0000000100000000

Heap:
 garbage-first heap   total 126976K, used 89465K [0x0000000080000000, 0x0000000100000000)
  region size 1024K, 50 young (51200K), 8 survivors (8192K)
 Metaspace       used 45132K, capacity 46289K, committed 46540K, reserved 1089536K
  class space    used 5886K, capacity 6287K, committed 6400K, reserved 1048576K
Heap Regions: E=young(eden), S=young(survivor), O=old, HS=humongous(starts), HC=humongous(continues), CS=collection set, F=free, A=archive, TAMS=top-at-mark-start (previous, next)
|   0|0x0000000080000000, 0x0000000080100000, 0x0000000080100000|100%| O|  |TAMS 0x0000000080100000, 0x0000000080000000| Untracked 
|   1|0x0000000080100000, 0x0000000080200000, 0x0000000080200000|100%| O|  |TAMS 0x0000000080200000, 0x0000000080100000| Untracked 
|   2|0x0000000080200000, 0x0000000080300000, 0x0000000080300000|100%| O|  |TAMS 0x0000000080300000, 0x0000000080200000| Untracked 
|   3|0x0000000080300000, 0x0000000080400000, 0x0000000080400000|100%|HS|  |TAMS 0x0000000080400000, 0x0000000080300000| Complete 
|   4|0x0000000080400000, 0x0000000080500000, 0x0000000080500000|100%|HC|  |TAMS 0x0000000080500000, 0x0000000080400000| Complete 
|   5|0x0000000080500000, 0x0000000080600000, 0x0000000080600000|100%|HC|  |TAMS 0x0000000080600000, 0x0000000080500000| Complete 
|   6|0x0000000080600000, 0x0000000080700000, 0x0000000080700000|100%| O|  |TAMS 0x0000000080700000, 0x0000000080600000| Untracked 
|   7|0x0000000080700000, 0x0000000080800000, 0x0000000080800000|100%| O|  |TAMS 0x0000000080800000, 0x0000000080700000| Untracked 
|   8|0x0000000080800000, 0x0000000080900000, 0x0000000080900000|100%| O|  |TAMS 0x0000000080900000, 0x0000000080800000| Untracked 
|   9|0x0000000080900000, 0x0000000080a00000, 0x0000000080a00000|100%|HS|  |TAMS 0x0000000080a00000, 0x0000000080900000| Complete 
|  10|0x0000000080a00000, 0x0000000080b00000, 0x0000000080b00000|100%|HC|  |TAMS 0x0000000080b00000, 0x0000000080a00000| Complete 
|  11|0x0000000080b00000, 0x0000000080c00000, 0x0000000080c00000|100%|HS|  |TAMS 0x0000000080c00000, 0x0000000080b00000| Complete 
|  12|0x0000000080c00000, 0x0000000080d00000, 0x0000000080d00000|100%|HC|  |TAMS 0x0000000080d00000, 0x0000000080c00000| Complete 
|  13|0x0000000080d00000, 0x0000000080e00000, 0x0000000080e00000|100%|HC|  |TAMS 0x0000000080e00000, 0x0000000080d00000| Complete 
|  14|0x0000000080e00000, 0x0000000080f00000, 0x0000000080f00000|100%|HS|  |TAMS 0x0000000080f00000, 0x0000000080e00000| Complete 
|  15|0x0000000080f00000, 0x0000000081000000, 0x0000000081000000|100%|HC|  |TAMS 0x0000000081000000, 0x0000000080f00000| Complete 
|  16|0x0000000081000000, 0x0000000081100000, 0x0000000081100000|100%|HC|  |TAMS 0x0000000081100000, 0x0000000081000000| Complete 
|  17|0x0000000081100000, 0x0000000081200000, 0x0000000081200000|100%|HC|  |TAMS 0x0000000081200000, 0x0000000081100000| Complete 
|  18|0x0000000081200000, 0x0000000081300000, 0x0000000081300000|100%|HC|  |TAMS 0x0000000081300000, 0x0000000081200000| Complete 
|  19|0x0000000081300000, 0x0000000081400000, 0x0000000081400000|100%| O|  |TAMS 0x0000000081400000, 0x0000000081300000| Untracked 
|  20|0x0000000081400000, 0x0000000081500000, 0x0000000081500000|100%| O|  |TAMS 0x0000000081500000, 0x0000000081400000| Untracked 
|  21|0x0000000081500000, 0x0000000081600000, 0x0000000081600000|100%| O|  |TAMS 0x0000000081600000, 0x0000000081500000| Untracked 
|  22|0x0000000081600000, 0x0000000081700000, 0x0000000081700000|100%| O|  |TAMS 0x0000000081700000, 0x0000000081600000| Untracked 
|  23|0x0000000081700000, 0x0000000081800000, 0x0000000081800000|100%| O|  |TAMS 0x0000000081800000, 0x0000000081700000| Untracked 
|  24|0x0000000081800000, 0x0000000081900000, 0x0000000081900000|100%| O|  |TAMS 0x0000000081900000, 0x0000000081800000| Untracked 
|  25|0x0000000081900000, 0x0000000081a00000, 0x0000000081a00000|100%| O|  |TAMS 0x0000000081a00000, 0x0000000081900000| Untracked 
|  26|0x0000000081a00000, 0x0000000081b00000, 0x0000000081b00000|100%| O|  |TAMS 0x0000000081b00000, 0x0000000081a00000| Untracked 
|  27|0x0000000081b00000, 0x0000000081c00000, 0x0000000081c00000|100%| O|  |TAMS 0x0000000081c00000, 0x0000000081b00000| Untracked 
|  28|0x0000000081c00000, 0x0000000081d00000, 0x0000000081d00000|100%| O|  |TAMS 0x0000000081d00000, 0x0000000081c00000| Untracked 
|  29|0x0000000081d00000, 0x0000000081e00000, 0x0000000081e00000|100%| O|  |TAMS 0x0000000081e00000, 0x0000000081d00000| Untracked 
|  30|0x0000000081e00000, 0x0000000081f00000, 0x0000000081f00000|100%| O|  |TAMS 0x0000000081eba200, 0x0000000081e00000| Untracked 
|  31|0x0000000081f00000, 0x0000000082000000, 0x0000000082000000|100%|HS|  |TAMS 0x0000000081f00000, 0x0000000081f00000| Complete 
|  32|0x0000000082000000, 0x0000000082100000, 0x0000000082100000|100%|HC|  |TAMS 0x0000000082000000, 0x0000000082000000| Complete 
|  33|0x0000000082100000, 0x0000000082200000, 0x0000000082200000|100%|HC|  |TAMS 0x0000000082100000, 0x0000000082100000| Complete 
|  34|0x0000000082200000, 0x0000000082300000, 0x0000000082300000|100%|HC|  |TAMS 0x0000000082200000, 0x0000000082200000| Complete 
|  35|0x0000000082300000, 0x0000000082400000, 0x0000000082400000|100%|HC|  |TAMS 0x0000000082300000, 0x0000000082300000| Complete 
|  36|0x0000000082400000, 0x0000000082500000, 0x0000000082500000|100%| O|  |TAMS 0x0000000082400000, 0x0000000082400000| Untracked 
|  37|0x0000000082500000, 0x0000000082600000, 0x0000000082600000|100%| O|  |TAMS 0x0000000082500000, 0x0000000082500000| Untracked 
|  38|0x0000000082600000, 0x0000000082698800, 0x0000000082700000| 59%| O|  |TAMS 0x0000000082600000, 0x0000000082600000| Untracked 
|  39|0x0000000082700000, 0x0000000082700000, 0x0000000082800000|  0%| F|  |TAMS 0x0000000082700000, 0x0000000082700000| Untracked 
|  40|0x0000000082800000, 0x0000000082800000, 0x0000000082900000|  0%| F|  |TAMS 0x0000000082800000, 0x0000000082800000| Untracked 
|  41|0x0000000082900000, 0x0000000082900000, 0x0000000082a00000|  0%| F|  |TAMS 0x0000000082900000, 0x0000000082900000| Untracked 
|  42|0x0000000082a00000, 0x0000000082a00000, 0x0000000082b00000|  0%| F|  |TAMS 0x0000000082a00000, 0x0000000082a00000| Untracked 
|  43|0x0000000082b00000, 0x0000000082b00000, 0x0000000082c00000|  0%| F|  |TAMS 0x0000000082b00000, 0x0000000082b00000| Untracked 
|  44|0x0000000082c00000, 0x0000000082c00000, 0x0000000082d00000|  0%| F|  |TAMS 0x0000000082c00000, 0x0000000082c00000| Untracked 
|  45|0x0000000082d00000, 0x0000000082d00000, 0x0000000082e00000|  0%| F|  |TAMS 0x0000000082d00000, 0x0000000082d00000| Untracked 
|  46|0x0000000082e00000, 0x0000000082e00000, 0x0000000082f00000|  0%| F|  |TAMS 0x0000000082e00000, 0x0000000082e00000| Untracked 
|  47|0x0000000082f00000, 0x0000000082f00000, 0x0000000083000000|  0%| F|  |TAMS 0x0000000082f00000, 0x0000000082f00000| Untracked 
|  48|0x0000000083000000, 0x0000000083000000, 0x0000000083100000|  0%| F|  |TAMS 0x0000000083000000, 0x0000000083000000| Untracked 
|  49|0x0000000083100000, 0x0000000083100000, 0x0000000083200000|  0%| F|  |TAMS 0x0000000083100000, 0x0000000083100000| Untracked 
|  50|0x0000000083200000, 0x00000000832c5ef8, 0x0000000083300000| 77%| S|CS|TAMS 0x0000000083200000, 0x0000000083200000| Complete 
|  51|0x0000000083300000, 0x0000000083400000, 0x0000000083400000|100%| S|CS|TAMS 0x0000000083300000, 0x0000000083300000| Complete 
|  52|0x0000000083400000, 0x0000000083400000, 0x0000000083500000|  0%| F|  |TAMS 0x0000000083400000, 0x0000000083400000| Untracked 
|  53|0x0000000083500000, 0x0000000083500000, 0x0000000083600000|  0%| F|  |TAMS 0x0000000083500000, 0x0000000083500000| Untracked 
|  54|0x0000000083600000, 0x0000000083600000, 0x0000000083700000|  0%| F|  |TAMS 0x0000000083600000, 0x0000000083600000| Untracked 
|  55|0x0000000083700000, 0x0000000083700000, 0x0000000083800000|  0%| F|  |TAMS 0x0000000083700000, 0x0000000083700000| Untracked 
|  56|0x0000000083800000, 0x0000000083800000, 0x0000000083900000|  0%| F|  |TAMS 0x0000000083800000, 0x0000000083800000| Untracked 
|  57|0x0000000083900000, 0x0000000083900000, 0x0000000083a00000|  0%| F|  |TAMS 0x0000000083900000, 0x0000000083900000| Untracked 
|  58|0x0000000083a00000, 0x0000000083a00000, 0x0000000083b00000|  0%| F|  |TAMS 0x0000000083a00000, 0x0000000083a00000| Untracked 
|  59|0x0000000083b00000, 0x0000000083b00000, 0x0000000083c00000|  0%| F|  |TAMS 0x0000000083b00000, 0x0000000083b00000| Untracked 
|  60|0x0000000083c00000, 0x0000000083d00000, 0x0000000083d00000|100%| S|CS|TAMS 0x0000000083c00000, 0x0000000083c00000| Complete 
|  61|0x0000000083d00000, 0x0000000083e00000, 0x0000000083e00000|100%| S|CS|TAMS 0x0000000083d00000, 0x0000000083d00000| Complete 
|  62|0x0000000083e00000, 0x0000000083f00000, 0x0000000083f00000|100%| S|CS|TAMS 0x0000000083e00000, 0x0000000083e00000| Complete 
|  63|0x0000000083f00000, 0x0000000084000000, 0x0000000084000000|100%| S|CS|TAMS 0x0000000083f00000, 0x0000000083f00000| Complete 
|  64|0x0000000084000000, 0x0000000084100000, 0x0000000084100000|100%| S|CS|TAMS 0x0000000084000000, 0x0000000084000000| Complete 
|  65|0x0000000084100000, 0x0000000084200000, 0x0000000084200000|100%| S|CS|TAMS 0x0000000084100000, 0x0000000084100000| Complete 
|  66|0x0000000084200000, 0x0000000084200000, 0x0000000084300000|  0%| F|  |TAMS 0x0000000084200000, 0x0000000084200000| Untracked 
|  67|0x0000000084300000, 0x0000000084300000, 0x0000000084400000|  0%| F|  |TAMS 0x0000000084300000, 0x0000000084300000| Untracked 
|  68|0x0000000084400000, 0x0000000084400000, 0x0000000084500000|  0%| F|  |TAMS 0x0000000084400000, 0x0000000084400000| Untracked 
|  69|0x0000000084500000, 0x0000000084500000, 0x0000000084600000|  0%| F|  |TAMS 0x0000000084500000, 0x0000000084500000| Untracked 
|  70|0x0000000084600000, 0x0000000084600000, 0x0000000084700000|  0%| F|  |TAMS 0x0000000084600000, 0x0000000084600000| Untracked 
|  71|0x0000000084700000, 0x0000000084700000, 0x0000000084800000|  0%| F|  |TAMS 0x0000000084700000, 0x0000000084700000| Untracked 
|  72|0x0000000084800000, 0x0000000084800000, 0x0000000084900000|  0%| F|  |TAMS 0x0000000084800000, 0x0000000084800000| Untracked 
|  73|0x0000000084900000, 0x0000000084900000, 0x0000000084a00000|  0%| F|  |TAMS 0x0000000084900000, 0x0000000084900000| Untracked 
|  74|0x0000000084a00000, 0x0000000084a00000, 0x0000000084b00000|  0%| F|  |TAMS 0x0000000084a00000, 0x0000000084a00000| Untracked 
|  75|0x0000000084b00000, 0x0000000084b00000, 0x0000000084c00000|  0%| F|  |TAMS 0x0000000084b00000, 0x0000000084b00000| Untracked 
|  76|0x0000000084c00000, 0x0000000084c00000, 0x0000000084d00000|  0%| F|  |TAMS 0x0000000084c00000, 0x0000000084c00000| Untracked 
|  77|0x0000000084d00000, 0x0000000084d00000, 0x0000000084e00000|  0%| F|  |TAMS 0x0000000084d00000, 0x0000000084d00000| Untracked 
|  78|0x0000000084e00000, 0x0000000084e00000, 0x0000000084f00000|  0%| F|  |TAMS 0x0000000084e00000, 0x0000000084e00000| Untracked 
|  79|0x0000000084f00000, 0x0000000084f00000, 0x0000000085000000|  0%| F|  |TAMS 0x0000000084f00000, 0x0000000084f00000| Untracked 
|  80|0x0000000085000000, 0x0000000085000000, 0x0000000085100000|  0%| F|  |TAMS 0x0000000085000000, 0x0000000085000000| Untracked 
|  81|0x0000000085100000, 0x0000000085180800, 0x0000000085200000| 50%| E|  |TAMS 0x0000000085100000, 0x0000000085100000| Complete 
|  82|0x0000000085200000, 0x0000000085300000, 0x0000000085300000|100%| E|CS|TAMS 0x0000000085200000, 0x0000000085200000| Complete 
|  83|0x0000000085300000, 0x0000000085400000, 0x0000000085400000|100%| E|CS|TAMS 0x0000000085300000, 0x0000000085300000| Complete 
|  84|0x0000000085400000, 0x0000000085500000, 0x0000000085500000|100%| E|CS|TAMS 0x0000000085400000, 0x0000000085400000| Complete 
|  85|0x0000000085500000, 0x0000000085600000, 0x0000000085600000|100%| E|CS|TAMS 0x0000000085500000, 0x0000000085500000| Complete 
|  86|0x0000000085600000, 0x0000000085700000, 0x0000000085700000|100%| E|CS|TAMS 0x0000000085600000, 0x0000000085600000| Complete 
|  87|0x0000000085700000, 0x0000000085800000, 0x0000000085800000|100%| E|CS|TAMS 0x0000000085700000, 0x0000000085700000| Complete 
|  88|0x0000000085800000, 0x0000000085900000, 0x0000000085900000|100%| E|CS|TAMS 0x0000000085800000, 0x0000000085800000| Complete 
|  89|0x0000000085900000, 0x0000000085a00000, 0x0000000085a00000|100%| E|CS|TAMS 0x0000000085900000, 0x0000000085900000| Complete 
|  90|0x0000000085a00000, 0x0000000085b00000, 0x0000000085b00000|100%| E|CS|TAMS 0x0000000085a00000, 0x0000000085a00000| Complete 
|  91|0x0000000085b00000, 0x0000000085c00000, 0x0000000085c00000|100%| E|CS|TAMS 0x0000000085b00000, 0x0000000085b00000| Complete 
|  92|0x0000000085c00000, 0x0000000085d00000, 0x0000000085d00000|100%| E|CS|TAMS 0x0000000085c00000, 0x0000000085c00000| Complete 
|  93|0x0000000085d00000, 0x0000000085e00000, 0x0000000085e00000|100%| E|CS|TAMS 0x0000000085d00000, 0x0000000085d00000| Complete 
|  94|0x0000000085e00000, 0x0000000085f00000, 0x0000000085f00000|100%| E|CS|TAMS 0x0000000085e00000, 0x0000000085e00000| Complete 
|  95|0x0000000085f00000, 0x0000000086000000, 0x0000000086000000|100%| E|CS|TAMS 0x0000000085f00000, 0x0000000085f00000| Complete 
|  96|0x0000000086000000, 0x0000000086100000, 0x0000000086100000|100%| E|CS|TAMS 0x0000000086000000, 0x0000000086000000| Complete 
|  97|0x0000000086100000, 0x0000000086200000, 0x0000000086200000|100%| E|CS|TAMS 0x0000000086100000, 0x0000000086100000| Complete 
|  98|0x0000000086200000, 0x0000000086300000, 0x0000000086300000|100%| E|CS|TAMS 0x0000000086200000, 0x0000000086200000| Complete 
|  99|0x0000000086300000, 0x0000000086400000, 0x0000000086400000|100%| E|CS|TAMS 0x0000000086300000, 0x0000000086300000| Complete 
| 100|0x0000000086400000, 0x0000000086500000, 0x0000000086500000|100%| E|CS|TAMS 0x0000000086400000, 0x0000000086400000| Complete 
| 101|0x0000000086500000, 0x0000000086600000, 0x0000000086600000|100%| E|CS|TAMS 0x0000000086500000, 0x0000000086500000| Complete 
| 102|0x0000000086600000, 0x0000000086700000, 0x0000000086700000|100%| E|CS|TAMS 0x0000000086600000, 0x0000000086600000| Complete 
| 103|0x0000000086700000, 0x0000000086800000, 0x0000000086800000|100%| E|CS|TAMS 0x0000000086700000, 0x0000000086700000| Complete 
| 104|0x0000000086800000, 0x0000000086900000, 0x0000000086900000|100%| E|CS|TAMS 0x0000000086800000, 0x0000000086800000| Complete 
| 105|0x0000000086900000, 0x0000000086a00000, 0x0000000086a00000|100%| E|CS|TAMS 0x0000000086900000, 0x0000000086900000| Complete 
| 106|0x0000000086a00000, 0x0000000086b00000, 0x0000000086b00000|100%| E|CS|TAMS 0x0000000086a00000, 0x0000000086a00000| Complete 
| 107|0x0000000086b00000, 0x0000000086c00000, 0x0000000086c00000|100%| E|CS|TAMS 0x0000000086b00000, 0x0000000086b00000| Complete 
| 108|0x0000000086c00000, 0x0000000086d00000, 0x0000000086d00000|100%| E|CS|TAMS 0x0000000086c00000, 0x0000000086c00000| Complete 
| 109|0x0000000086d00000, 0x0000000086e00000, 0x0000000086e00000|100%| E|CS|TAMS 0x0000000086d00000, 0x0000000086d00000| Complete 
| 110|0x0000000086e00000, 0x0000000086f00000, 0x0000000086f00000|100%| E|CS|TAMS 0x0000000086e00000, 0x0000000086e00000| Complete 
| 111|0x0000000086f00000, 0x0000000087000000, 0x0000000087000000|100%| E|CS|TAMS 0x0000000086f00000, 0x0000000086f00000| Complete 
| 112|0x0000000087000000, 0x0000000087100000, 0x0000000087100000|100%| E|CS|TAMS 0x0000000087000000, 0x0000000087000000| Complete 
| 113|0x0000000087100000, 0x0000000087200000, 0x0000000087200000|100%| E|CS|TAMS 0x0000000087100000, 0x0000000087100000| Complete 
| 114|0x0000000087200000, 0x0000000087300000, 0x0000000087300000|100%| E|CS|TAMS 0x0000000087200000, 0x0000000087200000| Complete 
| 115|0x0000000087300000, 0x0000000087400000, 0x0000000087400000|100%| E|CS|TAMS 0x0000000087300000, 0x0000000087300000| Complete 
| 116|0x0000000087400000, 0x0000000087500000, 0x0000000087500000|100%| E|CS|TAMS 0x0000000087400000, 0x0000000087400000| Complete 
| 117|0x0000000087500000, 0x0000000087600000, 0x0000000087600000|100%| E|CS|TAMS 0x0000000087500000, 0x0000000087500000| Complete 
| 118|0x0000000087600000, 0x0000000087700000, 0x0000000087700000|100%| E|CS|TAMS 0x0000000087600000, 0x0000000087600000| Complete 
| 119|0x0000000087700000, 0x0000000087800000, 0x0000000087800000|100%| E|CS|TAMS 0x0000000087700000, 0x0000000087700000| Complete 
| 120|0x0000000087800000, 0x0000000087900000, 0x0000000087900000|100%| E|CS|TAMS 0x0000000087800000, 0x0000000087800000| Complete 
| 121|0x0000000087900000, 0x0000000087a00000, 0x0000000087a00000|100%| E|CS|TAMS 0x0000000087900000, 0x0000000087900000| Complete 
| 122|0x0000000087a00000, 0x0000000087b00000, 0x0000000087b00000|100%| E|CS|TAMS 0x0000000087a00000, 0x0000000087a00000| Complete 
| 123|0x0000000087b00000, 0x0000000087c00000, 0x0000000087c00000|100%| E|CS|TAMS 0x0000000087b00000, 0x0000000087b00000| Complete 

Card table byte_map: [0x000002c1eab00000,0x000002c1eaf00000] _byte_map_base: 0x000002c1ea700000

Marking Bits (Prev, Next): (CMBitMap*) 0x000002c1d5e3a370, (CMBitMap*) 0x000002c1d5e3a338
 Prev Bits: [0x000002c1ed300000, 0x000002c1ef300000)
 Next Bits: [0x000002c1eb300000, 0x000002c1ed300000)

Polling page: 0x000002c1d5ee0000

Metaspace:

Usage:
  Non-class:     39.06 MB capacity,    38.33 MB ( 98%) used,   646.16 KB (  2%) free+waste,   109.69 KB ( <1%) overhead. 
      Class:      6.14 MB capacity,     5.75 MB ( 94%) used,   347.88 KB (  6%) free+waste,    53.00 KB ( <1%) overhead. 
       Both:     45.20 MB capacity,    44.07 MB ( 98%) used,   994.03 KB (  2%) free+waste,   162.69 KB ( <1%) overhead. 

Virtual space:
  Non-class space:       40.00 MB reserved,      39.20 MB ( 98%) committed 
      Class space:        1.00 GB reserved,       6.25 MB ( <1%) committed 
             Both:        1.04 GB reserved,      45.45 MB (  4%) committed 

Chunk freelists:
   Non-Class:  10.00 KB
       Class:  17.00 KB
        Both:  27.00 KB

MaxMetaspaceSize: 17179869184.00 GB
CompressedClassSpaceSize: 1.00 GB

CodeHeap 'non-profiled nmethods': size=120064Kb used=2254Kb max_used=2254Kb free=117810Kb
 bounds [0x000002c1e2ba0000, 0x000002c1e2e10000, 0x000002c1ea0e0000]
CodeHeap 'profiled nmethods': size=120000Kb used=9257Kb max_used=9257Kb free=110742Kb
 bounds [0x000002c1db670000, 0x000002c1dbf80000, 0x000002c1e2ba0000]
CodeHeap 'non-nmethods': size=5696Kb used=2210Kb max_used=2252Kb free=3485Kb
 bounds [0x000002c1db0e0000, 0x000002c1db350000, 0x000002c1db670000]
 total_blobs=5080 nmethods=4296 adapters=694
 compilation: enabled
              stopped_count=0, restarted_count=0
 full_count=0

Compilation events (20 events):
Event: 45.249 Thread 0x000002c1f1987000 4330 %     3       groovyjarjarantlr4.v4.runtime.atn.ATNConfigSet::add @ 166 (356 bytes)
Event: 45.253 Thread 0x000002c1f1987000 nmethod 4330% 0x000002c1dbf6cf90 code [0x000002c1dbf6d480, 0x000002c1dbf6ff98]
Event: 45.253 Thread 0x000002c1f1987000 4331       3       groovyjarjarantlr4.v4.runtime.atn.ATNConfigSet::add (356 bytes)
Event: 45.257 Thread 0x000002c1f1987000 nmethod 4331 0x000002c1dbf70f10 code [0x000002c1dbf71400, 0x000002c1dbf73d78]
Event: 45.260 Thread 0x000002c1f1987000 4332       1       groovyjarjarantlr4.v4.runtime.atn.LexerCustomAction::isPositionDependent (2 bytes)
Event: 45.260 Thread 0x000002c1f1987000 nmethod 4332 0x000002c1e2dd3510 code [0x000002c1e2dd36c0, 0x000002c1e2dd3778]
Event: 45.267 Thread 0x000002c1f1987000 4333       2       groovyjarjarantlr4.v4.runtime.atn.SemanticContext$PrecedencePredicate::hashCode (14 bytes)
Event: 45.267 Thread 0x000002c1f1987000 nmethod 4333 0x000002c1dbf74d10 code [0x000002c1dbf74ec0, 0x000002c1dbf74fb8]
Event: 45.267 Thread 0x000002c1f1987000 4334       2       jdk.internal.misc.Unsafe::weakCompareAndSetObject (11 bytes)
Event: 45.268 Thread 0x000002c1f1987000 nmethod 4334 0x000002c1dbf75090 code [0x000002c1dbf75240, 0x000002c1dbf75398]
Event: 45.270 Thread 0x000002c1f1987000 4335       2       groovyjarjarantlr4.v4.runtime.atn.LexerATNSimulator::accept (42 bytes)
Event: 45.271 Thread 0x000002c1f1987000 nmethod 4335 0x000002c1dbf75410 code [0x000002c1dbf755e0, 0x000002c1dbf75778]
Event: 45.271 Thread 0x000002c1f1987000 4336       2       groovyjarjarantlr4.v4.runtime.Lexer::emit (51 bytes)
Event: 45.271 Thread 0x000002c1f1987000 nmethod 4336 0x000002c1dbf75890 code [0x000002c1dbf75a60, 0x000002c1dbf75cc8]
Event: 45.271 Thread 0x000002c1f1987000 4337       2       groovyjarjarantlr4.v4.runtime.CommonTokenFactory::create (85 bytes)
Event: 45.272 Thread 0x000002c1f1987000 nmethod 4337 0x000002c1dbf75e10 code [0x000002c1dbf76000, 0x000002c1dbf763a8]
Event: 45.282 Thread 0x000002c1f1987000 4339       2       java.lang.Integer::compareTo (9 bytes)
Event: 45.283 Thread 0x000002c1f1987000 nmethod 4339 0x000002c1dbf76590 code [0x000002c1dbf76740, 0x000002c1dbf768b8]
Event: 45.287 Thread 0x000002c1f1987000 4340       2       java.nio.charset.Charset::lookup (44 bytes)
Event: 45.287 Thread 0x000002c1f1987000 nmethod 4340 0x000002c1dbf76990 code [0x000002c1dbf76b80, 0x000002c1dbf76e28]

GC Heap History (16 events):
Event: 11.326 GC heap before
{Heap before GC invocations=0 (full 0):
 garbage-first heap   total 126976K, used 19456K [0x0000000080000000, 0x0000000100000000)
  region size 1024K, 14 young (14336K), 0 survivors (0K)
 Metaspace       used 6754K, capacity 6929K, committed 7168K, reserved 1056768K
  class space    used 582K, capacity 650K, committed 768K, reserved 1048576K
}
Event: 11.972 GC heap after
{Heap after GC invocations=1 (full 0):
 garbage-first heap   total 126976K, used 7871K [0x0000000080000000, 0x0000000100000000)
  region size 1024K, 2 young (2048K), 2 survivors (2048K)
 Metaspace       used 6754K, capacity 6929K, committed 7168K, reserved 1056768K
  class space    used 582K, capacity 650K, committed 768K, reserved 1048576K
}
Event: 15.808 GC heap before
{Heap before GC invocations=1 (full 0):
 garbage-first heap   total 126976K, used 20159K [0x0000000080000000, 0x0000000100000000)
  region size 1024K, 14 young (14336K), 2 survivors (2048K)
 Metaspace       used 9881K, capacity 10058K, committed 10112K, reserved 1058816K
  class space    used 1022K, capacity 1102K, committed 1152K, reserved 1048576K
}
Event: 15.815 GC heap after
{Heap after GC invocations=2 (full 0):
 garbage-first heap   total 126976K, used 9101K [0x0000000080000000, 0x0000000100000000)
  region size 1024K, 2 young (2048K), 2 survivors (2048K)
 Metaspace       used 9881K, capacity 10058K, committed 10112K, reserved 1058816K
  class space    used 1022K, capacity 1102K, committed 1152K, reserved 1048576K
}
Event: 23.417 GC heap before
{Heap before GC invocations=2 (full 0):
 garbage-first heap   total 126976K, used 37773K [0x0000000080000000, 0x0000000100000000)
  region size 1024K, 30 young (30720K), 2 survivors (2048K)
 Metaspace       used 10794K, capacity 11075K, committed 11264K, reserved 1058816K
  class space    used 1125K, capacity 1206K, committed 1280K, reserved 1048576K
}
Event: 23.422 GC heap after
{Heap after GC invocations=3 (full 0):
 garbage-first heap   total 126976K, used 12364K [0x0000000080000000, 0x0000000100000000)
  region size 1024K, 4 young (4096K), 4 survivors (4096K)
 Metaspace       used 10794K, capacity 11075K, committed 11264K, reserved 1058816K
  class space    used 1125K, capacity 1206K, committed 1280K, reserved 1048576K
}
Event: 33.580 GC heap before
{Heap before GC invocations=3 (full 0):
 garbage-first heap   total 126976K, used 76876K [0x0000000080000000, 0x0000000100000000)
  region size 1024K, 68 young (69632K), 4 survivors (4096K)
 Metaspace       used 20607K, capacity 21125K, committed 21248K, reserved 1067008K
  class space    used 2513K, capacity 2731K, committed 2816K, reserved 1048576K
}
Event: 33.599 GC heap after
{Heap after GC invocations=4 (full 0):
 garbage-first heap   total 126976K, used 16409K [0x0000000080000000, 0x0000000100000000)
  region size 1024K, 9 young (9216K), 9 survivors (9216K)
 Metaspace       used 20607K, capacity 21125K, committed 21248K, reserved 1067008K
  class space    used 2513K, capacity 2731K, committed 2816K, reserved 1048576K
}
Event: 37.061 GC heap before
{Heap before GC invocations=5 (full 0):
 garbage-first heap   total 126976K, used 91161K [0x0000000080000000, 0x0000000100000000)
  region size 1024K, 73 young (74752K), 9 survivors (9216K)
 Metaspace       used 26965K, capacity 27756K, committed 27904K, reserved 1073152K
  class space    used 3550K, capacity 3837K, committed 3840K, reserved 1048576K
}
Event: 37.075 GC heap after
{Heap after GC invocations=6 (full 0):
 garbage-first heap   total 126976K, used 31973K [0x0000000080000000, 0x0000000100000000)
  region size 1024K, 6 young (6144K), 6 survivors (6144K)
 Metaspace       used 26965K, capacity 27756K, committed 27904K, reserved 1073152K
  class space    used 3550K, capacity 3837K, committed 3840K, reserved 1048576K
}
Event: 40.128 GC heap before
{Heap before GC invocations=6 (full 0):
 garbage-first heap   total 126976K, used 82149K [0x0000000080000000, 0x0000000100000000)
  region size 1024K, 56 young (57344K), 6 survivors (6144K)
 Metaspace       used 34705K, capacity 35666K, committed 35840K, reserved 1081344K
  class space    used 4512K, capacity 4834K, committed 4864K, reserved 1048576K
}
Event: 40.145 GC heap after
{Heap after GC invocations=7 (full 0):
 garbage-first heap   total 126976K, used 34706K [0x0000000080000000, 0x0000000100000000)
  region size 1024K, 4 young (4096K), 4 survivors (4096K)
 Metaspace       used 34705K, capacity 35666K, committed 35840K, reserved 1081344K
  class space    used 4512K, capacity 4834K, committed 4864K, reserved 1048576K
}
Event: 42.009 GC heap before
{Heap before GC invocations=8 (full 0):
 garbage-first heap   total 126976K, used 98194K [0x0000000080000000, 0x0000000100000000)
  region size 1024K, 64 young (65536K), 4 survivors (4096K)
 Metaspace       used 41045K, capacity 42165K, committed 42316K, reserved 1085440K
  class space    used 5269K, capacity 5678K, committed 5760K, reserved 1048576K
}
Event: 42.031 GC heap after
{Heap after GC invocations=9 (full 0):
 garbage-first heap   total 126976K, used 39099K [0x0000000080000000, 0x0000000100000000)
  region size 1024K, 8 young (8192K), 8 survivors (8192K)
 Metaspace       used 41045K, capacity 42165K, committed 42316K, reserved 1085440K
  class space    used 5269K, capacity 5678K, committed 5760K, reserved 1048576K
}
Event: 44.307 GC heap before
{Heap before GC invocations=10 (full 0):
 garbage-first heap   total 126976K, used 103611K [0x0000000080000000, 0x0000000100000000)
  region size 1024K, 66 young (67584K), 8 survivors (8192K)
 Metaspace       used 45089K, capacity 46225K, committed 46540K, reserved 1089536K
  class space    used 5886K, capacity 6287K, committed 6400K, reserved 1048576K
}
Event: 44.327 GC heap after
{Heap after GC invocations=11 (full 0):
 garbage-first heap   total 126976K, used 47481K [0x0000000080000000, 0x0000000100000000)
  region size 1024K, 8 young (8192K), 8 survivors (8192K)
 Metaspace       used 45089K, capacity 46225K, committed 46540K, reserved 1089536K
  class space    used 5886K, capacity 6287K, committed 6400K, reserved 1048576K
}

Deoptimization events (20 events):
Event: 45.029 Thread 0x000002c1f329a000 DEOPT PACKING pc=0x000002c1e2dc0ce8 sp=0x000000e0b0ef8dd0
Event: 45.029 Thread 0x000002c1f329a000 DEOPT UNPACKING pc=0x000002c1db1078af sp=0x000000e0b0ef8ce8 mode 2
Event: 45.029 Thread 0x000002c1f329a000 Uncommon trap: trap_request=0xffffff4d fr.pc=0x000002c1e2d96558 relative=0x0000000000000318
Event: 45.029 Thread 0x000002c1f329a000 Uncommon trap: reason=unstable_if action=reinterpret pc=0x000002c1e2d96558 method=groovyjarjarantlr4.v4.runtime.atn.ATNConfig.hashCode()I @ 67 c2
Event: 45.029 Thread 0x000002c1f329a000 DEOPT PACKING pc=0x000002c1e2d96558 sp=0x000000e0b0ef8d70
Event: 45.029 Thread 0x000002c1f329a000 DEOPT UNPACKING pc=0x000002c1db1078af sp=0x000000e0b0ef8cf8 mode 2
Event: 45.043 Thread 0x000002c1f329a000 DEOPT PACKING pc=0x000002c1dbe464a8 sp=0x000000e0b0ef8930
Event: 45.043 Thread 0x000002c1f329a000 DEOPT UNPACKING pc=0x000002c1db1076ce sp=0x000000e0b0ef7dd0 mode 0
Event: 45.059 Thread 0x000002c1f329a000 DEOPT PACKING pc=0x000002c1dbe464a8 sp=0x000000e0b0ef86c0
Event: 45.059 Thread 0x000002c1f329a000 DEOPT UNPACKING pc=0x000002c1db1076ce sp=0x000000e0b0ef7b60 mode 0
Event: 45.156 Thread 0x000002c1f329a000 DEOPT PACKING pc=0x000002c1dbe464a8 sp=0x000000e0b0ef8360
Event: 45.156 Thread 0x000002c1f329a000 DEOPT UNPACKING pc=0x000002c1db1076ce sp=0x000000e0b0ef7800 mode 0
Event: 45.170 Thread 0x000002c1f329a000 DEOPT PACKING pc=0x000002c1dbe464a8 sp=0x000000e0b0ef7e70
Event: 45.170 Thread 0x000002c1f329a000 DEOPT UNPACKING pc=0x000002c1db1076ce sp=0x000000e0b0ef7310 mode 0
Event: 45.247 Thread 0x000002c1f329a000 DEOPT PACKING pc=0x000002c1dbe464a8 sp=0x000000e0b0ef87e0
Event: 45.247 Thread 0x000002c1f329a000 DEOPT UNPACKING pc=0x000002c1db1076ce sp=0x000000e0b0ef7c80 mode 0
Event: 45.257 Thread 0x000002c1f329a000 DEOPT PACKING pc=0x000002c1dbf60670 sp=0x000000e0b0ef8450
Event: 45.257 Thread 0x000002c1f329a000 DEOPT UNPACKING pc=0x000002c1db1076ce sp=0x000000e0b0ef7a18 mode 0
Event: 45.272 Thread 0x000002c1f329a000 DEOPT PACKING pc=0x000002c1dbe464a8 sp=0x000000e0b0ef8670
Event: 45.272 Thread 0x000002c1f329a000 DEOPT UNPACKING pc=0x000002c1db1076ce sp=0x000000e0b0ef7b10 mode 0

Classes redefined (0 events):
No events

Internal exceptions (20 events):
Event: 41.712 Thread 0x000002c1f329a000 Exception <a 'java/lang/ClassNotFoundException'{0x0000000084caab50}: org/gradle/api/internal/artifacts/dsl/dependencies/DefaultDependencyHandlerCustomizer> (0x0000000084caab50) thrown at [./src/hotspot/share/classfile/systemDictionary.cpp, line 231]
Event: 41.718 Thread 0x000002c1f329a000 Exception <a 'java/lang/ClassNotFoundException'{0x0000000084b10c10}: org/gradle/api/internal/artifacts/dsl/dependencies/DefaultDependencyHandler_DecoratedCustomizer> (0x0000000084b10c10) thrown at [./src/hotspot/share/classfile/systemDictionary.cpp, line 231]
Event: 41.749 Thread 0x000002c1f329a000 Exception <a 'java/lang/NoSuchMethodError'{0x0000000084bf2650}: 'int java.lang.invoke.DirectMethodHandle$Holder.invokeVirtual(java.lang.Object, java.lang.Object)'> (0x0000000084bf2650) thrown at [./src/hotspot/share/interpreter/linkResolver.cpp, line 773]
Event: 41.791 Thread 0x000002c1f329a000 Exception <a 'java/lang/NoSuchMethodError'{0x000000008454c868}: 'java.lang.Object java.lang.invoke.DirectMethodHandle$Holder.invokeStatic(java.lang.Object, java.lang.Object, int, java.lang.Object)'> (0x000000008454c868) thrown at [./src/hotspot/share/interpreter/linkResolver.cpp, line 773]
Event: 41.792 Thread 0x000002c1f329a000 Exception <a 'java/lang/NoSuchMethodError'{0x0000000084553858}: 'java.lang.Object java.lang.invoke.Invokers$Holder.linkToTargetMethod(java.lang.Object, int, java.lang.Object, java.lang.Object)'> (0x0000000084553858) thrown at [./src/hotspot/share/interpreter/linkResolver.cpp, line 773]
Event: 42.109 Thread 0x000002c1f329a000 Exception <a 'java/lang/IncompatibleClassChangeError'{0x00000000879939d8}: Found class java.lang.Object, but interface was expected> (0x00000000879939d8) thrown at [./src/hotspot/share/interpreter/linkResolver.cpp, line 839]
Event: 42.153 Thread 0x000002c1f329a000 Exception <a 'java/lang/NoSuchMethodError'{0x000000008773c4e8}: 'java.lang.Object java.lang.invoke.Invokers$Holder.linkToTargetMethod(java.lang.Object, int, java.lang.Object)'> (0x000000008773c4e8) thrown at [./src/hotspot/share/interpreter/linkResolver.cpp, line 773]
Event: 42.287 Thread 0x000002c1f329a000 Exception <a 'java/lang/NoSuchMethodError'{0x00000000873390a8}: 'int java.lang.invoke.DirectMethodHandle$Holder.invokeStaticInit(java.lang.Object)'> (0x00000000873390a8) thrown at [./src/hotspot/share/interpreter/linkResolver.cpp, line 773]
Event: 42.391 Thread 0x000002c1f33d2000 Exception <a 'sun/nio/fs/WindowsException'{0x000000008719c848}> (0x000000008719c848) thrown at [./src/hotspot/share/prims/jni.cpp, line 615]
Event: 42.414 Thread 0x000002c1f33d2000 Exception <a 'sun/nio/fs/WindowsException'{0x0000000087011b20}> (0x0000000087011b20) thrown at [./src/hotspot/share/prims/jni.cpp, line 615]
Event: 42.414 Thread 0x000002c1f33d2000 Exception <a 'sun/nio/fs/WindowsException'{0x0000000087011c88}> (0x0000000087011c88) thrown at [./src/hotspot/share/prims/jni.cpp, line 615]
Event: 42.429 Thread 0x000002c1f329a000 Exception <a 'java/lang/ClassNotFoundException'{0x0000000087066ca8}: sync_studio_tooling8701_apj6u69sgfe1n7105kbuow7vnBeanInfo> (0x0000000087066ca8) thrown at [./src/hotspot/share/classfile/systemDictionary.cpp, line 231]
Event: 42.430 Thread 0x000002c1f329a000 Exception <a 'java/lang/ClassNotFoundException'{0x0000000087073608}: sync_studio_tooling8701_apj6u69sgfe1n7105kbuow7vnCustomizer> (0x0000000087073608) thrown at [./src/hotspot/share/classfile/systemDictionary.cpp, line 231]
Event: 42.555 Thread 0x000002c1f329a000 Exception <a 'java/lang/ClassNotFoundException'{0x0000000086ffc858}: org/gradle/invocation/DefaultGradle_DecoratedBeanInfo> (0x0000000086ffc858) thrown at [./src/hotspot/share/classfile/systemDictionary.cpp, line 231]
Event: 42.556 Thread 0x000002c1f329a000 Exception <a 'java/lang/ClassNotFoundException'{0x0000000086e87860}: org/gradle/invocation/DefaultGradleBeanInfo> (0x0000000086e87860) thrown at [./src/hotspot/share/classfile/systemDictionary.cpp, line 231]
Event: 42.557 Thread 0x000002c1f329a000 Exception <a 'java/lang/ClassNotFoundException'{0x0000000086eaece8}: org/gradle/api/internal/project/AbstractPluginAwareBeanInfo> (0x0000000086eaece8) thrown at [./src/hotspot/share/classfile/systemDictionary.cpp, line 231]
Event: 42.558 Thread 0x000002c1f329a000 Exception <a 'java/lang/ClassNotFoundException'{0x0000000086ed6288}: org/gradle/api/internal/project/AbstractPluginAwareCustomizer> (0x0000000086ed6288) thrown at [./src/hotspot/share/classfile/systemDictionary.cpp, line 231]
Event: 42.560 Thread 0x000002c1f329a000 Exception <a 'java/lang/ClassNotFoundException'{0x0000000086effa30}: org/gradle/invocation/DefaultGradleCustomizer> (0x0000000086effa30) thrown at [./src/hotspot/share/classfile/systemDictionary.cpp, line 231]
Event: 42.564 Thread 0x000002c1f329a000 Exception <a 'java/lang/ClassNotFoundException'{0x0000000086d52af0}: org/gradle/invocation/DefaultGradle_DecoratedCustomizer> (0x0000000086d52af0) thrown at [./src/hotspot/share/classfile/systemDictionary.cpp, line 231]
Event: 42.631 Thread 0x000002c1f329a000 Exception <a 'java/lang/NoSuchMethodError'{0x0000000086b47648}: 'void java.lang.invoke.DirectMethodHandle$Holder.invokeVirtual(java.lang.Object, java.lang.Object)'> (0x0000000086b47648) thrown at [./src/hotspot/share/interpreter/linkResolver.cpp, line 773]

Events (20 events):
Event: 43.969 loading class java/util/regex/Pattern$StartS
Event: 43.969 loading class java/util/regex/Pattern$StartS done
Event: 43.972 loading class java/util/stream/ReferencePipeline$4
Event: 43.972 loading class java/util/stream/IntPipeline$StatelessOp
Event: 43.972 loading class java/util/stream/IntPipeline$StatelessOp done
Event: 43.972 loading class java/util/stream/ReferencePipeline$4 done
Event: 43.972 loading class java/util/stream/ReferencePipeline$4$1
Event: 43.972 loading class java/util/stream/ReferencePipeline$4$1 done
Event: 43.988 loading class java/util/Collections$SingletonMap
Event: 43.989 loading class java/util/Collections$SingletonMap done
Event: 44.022 loading class org/apache/groovy/parser/antlr4/AstBuilder$1
Event: 44.022 loading class org/apache/groovy/parser/antlr4/AstBuilder$1 done
Event: 44.022 loading class groovyjarjarantlr4/v4/runtime/misc/Args
Event: 44.022 loading class groovyjarjarantlr4/v4/runtime/misc/Args done
Event: 44.024 loading class groovyjarjarantlr4/v4/runtime/ProxyParserErrorListener
Event: 44.024 loading class groovyjarjarantlr4/v4/runtime/ProxyParserErrorListener done
Event: 44.024 loading class groovyjarjarantlr4/v4/runtime/ProxyErrorListener
Event: 44.024 loading class groovyjarjarantlr4/v4/runtime/ProxyErrorListener done
Event: 44.307 Executing VM operation: G1CollectForAllocation
Event: 44.327 Executing VM operation: G1CollectForAllocation done


Dynamic libraries:
0x00007ff79f810000 - 0x00007ff79f81a000 	C:\Program Files\Android\Android Studio\jre\bin\java.exe
0x00007ff8cd3b0000 - 0x00007ff8cd5a5000 	C:\WINDOWS\SYSTEM32\ntdll.dll
0x00007ff8cce20000 - 0x00007ff8ccede000 	C:\WINDOWS\System32\KERNEL32.DLL
0x00007ff8cac50000 - 0x00007ff8caf19000 	C:\WINDOWS\System32\KERNELBASE.dll
0x00007ff8cab00000 - 0x00007ff8cac00000 	C:\WINDOWS\System32\ucrtbase.dll
0x00007ff8c2c00000 - 0x00007ff8c2c19000 	C:\Program Files\Android\Android Studio\jre\bin\jli.dll
0x00007ff8cb7a0000 - 0x00007ff8cb941000 	C:\WINDOWS\System32\USER32.dll
0x00007ff8cb270000 - 0x00007ff8cb292000 	C:\WINDOWS\System32\win32u.dll
0x00007ff8cc9e0000 - 0x00007ff8cca0b000 	C:\WINDOWS\System32\GDI32.dll
0x00007ff8cb0c0000 - 0x00007ff8cb1cb000 	C:\WINDOWS\System32\gdi32full.dll
0x00007ff8cb1d0000 - 0x00007ff8cb26d000 	C:\WINDOWS\System32\msvcp_win.dll
0x00007ff8c2c20000 - 0x00007ff8c2c37000 	C:\Program Files\Android\Android Studio\jre\bin\VCRUNTIME140.dll
0x00007ff8b1c30000 - 0x00007ff8b1eca000 	C:\WINDOWS\WinSxS\amd64_microsoft.windows.common-controls_6595b64144ccf1df_6.0.19041.1110_none_60b5254171f9507e\COMCTL32.dll
0x00007ff8cca10000 - 0x00007ff8ccaae000 	C:\WINDOWS\System32\msvcrt.dll
0x00007ff8ccbe0000 - 0x00007ff8ccc10000 	C:\WINDOWS\System32\IMM32.DLL
0x00007ff8bd0c0000 - 0x00007ff8bd15d000 	C:\Program Files\Android\Android Studio\jre\bin\msvcp140.dll
0x00007ff899e70000 - 0x00007ff89a93f000 	C:\Program Files\Android\Android Studio\jre\bin\server\jvm.dll
0x00007ff8ccb30000 - 0x00007ff8ccbdc000 	C:\WINDOWS\System32\ADVAPI32.dll
0x00007ff8ccd80000 - 0x00007ff8cce1b000 	C:\WINDOWS\System32\sechost.dll
0x00007ff8ccee0000 - 0x00007ff8cd00a000 	C:\WINDOWS\System32\RPCRT4.dll
0x00007ff8cc280000 - 0x00007ff8cc288000 	C:\WINDOWS\System32\PSAPI.DLL
0x00007ff8b3c70000 - 0x00007ff8b3c79000 	C:\WINDOWS\SYSTEM32\WSOCK32.dll
0x00007ff8cc090000 - 0x00007ff8cc0fb000 	C:\WINDOWS\System32\WS2_32.dll
0x00007ff8b50d0000 - 0x00007ff8b50f7000 	C:\WINDOWS\SYSTEM32\WINMM.dll
0x00007ff8c7a30000 - 0x00007ff8c7a3a000 	C:\WINDOWS\SYSTEM32\VERSION.dll
0x00007ff8c93a0000 - 0x00007ff8c93b2000 	C:\WINDOWS\SYSTEM32\kernel.appcore.dll
0x00007ff8a9a80000 - 0x00007ff8a9a91000 	C:\Program Files\Android\Android Studio\jre\bin\verify.dll
0x00007ff8b9d10000 - 0x00007ff8b9ef4000 	C:\WINDOWS\SYSTEM32\DBGHELP.DLL
0x00007ff8b9ce0000 - 0x00007ff8b9d0c000 	C:\WINDOWS\SYSTEM32\dbgcore.DLL
0x00007ff8cb030000 - 0x00007ff8cb0b3000 	C:\WINDOWS\System32\bcryptPrimitives.dll
0x00007ff8a94b0000 - 0x00007ff8a94d9000 	C:\Program Files\Android\Android Studio\jre\bin\java.dll
0x00007ff8a9a70000 - 0x00007ff8a9a7b000 	C:\Program Files\Android\Android Studio\jre\bin\jimage.dll
0x00007ff8a9270000 - 0x00007ff8a9288000 	C:\Program Files\Android\Android Studio\jre\bin\zip.dll
0x00007ff8cb950000 - 0x00007ff8cc08f000 	C:\WINDOWS\System32\SHELL32.dll
0x00007ff8c8760000 - 0x00007ff8c8ef0000 	C:\WINDOWS\SYSTEM32\windows.storage.dll
0x00007ff8cd010000 - 0x00007ff8cd365000 	C:\WINDOWS\System32\combase.dll
0x00007ff8ca520000 - 0x00007ff8ca54c000 	C:\WINDOWS\SYSTEM32\Wldp.dll
0x00007ff8cc710000 - 0x00007ff8cc7be000 	C:\WINDOWS\System32\SHCORE.dll
0x00007ff8cb730000 - 0x00007ff8cb785000 	C:\WINDOWS\System32\shlwapi.dll
0x00007ff8caa10000 - 0x00007ff8caa2f000 	C:\WINDOWS\SYSTEM32\profapi.dll
0x00007ff8a9250000 - 0x00007ff8a926a000 	C:\Program Files\Android\Android Studio\jre\bin\net.dll
0x00007ff8bcd30000 - 0x00007ff8bce38000 	C:\WINDOWS\SYSTEM32\WINHTTP.dll
0x00007ff8ca280000 - 0x00007ff8ca2ea000 	C:\WINDOWS\system32\mswsock.dll
0x00007ff8a72a0000 - 0x00007ff8a72b4000 	C:\Program Files\Android\Android Studio\jre\bin\nio.dll
0x00007ff8c3680000 - 0x00007ff8c36a7000 	C:\Users\MrAA\.gradle\native\8bec1ad78214c89d9ad589b4d07fe93259594b29d510b10fafb7a158f7737e5d\windows-amd64\native-platform.dll
0x00007ff89b3d0000 - 0x00007ff89b50d000 	C:\Users\MrAA\.gradle\native\53dbd7edfb1c66fb8903c78663c9afc45aea4f116125fa6feffd364cf09443e8\windows-amd64\native-platform-file-events.dll
0x00007ff8a9cc0000 - 0x00007ff8a9cca000 	C:\Program Files\Android\Android Studio\jre\bin\management.dll
0x00007ff8a5f30000 - 0x00007ff8a5f3c000 	C:\Program Files\Android\Android Studio\jre\bin\management_ext.dll
0x00007ff8ca480000 - 0x00007ff8ca498000 	C:\WINDOWS\SYSTEM32\CRYPTSP.dll
0x00007ff8c9b90000 - 0x00007ff8c9bc4000 	C:\WINDOWS\system32\rsaenh.dll
0x00007ff8caad0000 - 0x00007ff8caaf7000 	C:\WINDOWS\System32\bcrypt.dll
0x00007ff8ca9d0000 - 0x00007ff8ca9fe000 	C:\WINDOWS\SYSTEM32\USERENV.dll
0x00007ff8ca470000 - 0x00007ff8ca47c000 	C:\WINDOWS\SYSTEM32\CRYPTBASE.dll
0x00007ff8c9f20000 - 0x00007ff8c9f5b000 	C:\WINDOWS\SYSTEM32\IPHLPAPI.DLL
0x00007ff8cb790000 - 0x00007ff8cb798000 	C:\WINDOWS\System32\NSI.dll
0x00007ff8c0200000 - 0x00007ff8c0217000 	C:\WINDOWS\SYSTEM32\dhcpcsvc6.DLL
0x00007ff8c1520000 - 0x00007ff8c153d000 	C:\WINDOWS\SYSTEM32\dhcpcsvc.DLL
0x00007ff8c9f70000 - 0x00007ff8ca03c000 	C:\WINDOWS\SYSTEM32\DNSAPI.dll

dbghelp: loaded successfully - version: 4.0.5 - missing functions: none
symbol engine: initialized successfully - sym options: 0x614 - pdb path: .;C:\Program Files\Android\Android Studio\jre\bin;C:\WINDOWS\SYSTEM32;C:\WINDOWS\WinSxS\amd64_microsoft.windows.common-controls_6595b64144ccf1df_6.0.19041.1110_none_60b5254171f9507e;C:\Program Files\Android\Android Studio\jre\bin\server;C:\Users\MrAA\.gradle\native\8bec1ad78214c89d9ad589b4d07fe93259594b29d510b10fafb7a158f7737e5d\windows-amd64;C:\Users\MrAA\.gradle\native\53dbd7edfb1c66fb8903c78663c9afc45aea4f116125fa6feffd364cf09443e8\windows-amd64

VM Arguments:
jvm_args: --add-opens=java.base/java.util=ALL-UNNAMED --add-opens=java.base/java.lang=ALL-UNNAMED --add-opens=java.base/java.lang.invoke=ALL-UNNAMED --add-opens=java.base/java.util=ALL-UNNAMED --add-opens=java.prefs/java.util.prefs=ALL-UNNAMED --add-opens=java.prefs/java.util.prefs=ALL-UNNAMED --add-opens=java.base/java.nio.charset=ALL-UNNAMED --add-opens=java.base/java.net=ALL-UNNAMED --add-opens=java.base/java.util.concurrent.atomic=ALL-UNNAMED -Xmx2048M -Dfile.encoding=windows-1252 -Duser.country=US -Duser.language=en -Duser.variant 
java_command: org.gradle.launcher.daemon.bootstrap.GradleDaemon 7.0.2
java_class_path (initial): C:\Users\MrAA\.gradle\wrapper\dists\gradle-7.0.2-all\7era6s5ay7zsbhuvl0oc9g94s\gradle-7.0.2\lib\gradle-launcher-7.0.2.jar
Launcher Type: SUN_STANDARD

[Global flags]
     intx CICompilerCount                          = 3                                         {product} {ergonomic}
     uint ConcGCThreads                            = 1                                         {product} {ergonomic}
     uint G1ConcRefinementThreads                  = 4                                         {product} {ergonomic}
   size_t G1HeapRegionSize                         = 1048576                                   {product} {ergonomic}
    uintx GCDrainStackTargetSize                   = 64                                        {product} {ergonomic}
   size_t InitialHeapSize                          = 130023424                                 {product} {ergonomic}
   size_t MarkStackSize                            = 4194304                                   {product} {ergonomic}
   size_t MaxHeapSize                              = 2147483648                                {product} {command line}
   size_t MaxNewSize                               = 1287651328                                {product} {ergonomic}
   size_t MinHeapDeltaBytes                        = 1048576                                   {product} {ergonomic}
    uintx NonNMethodCodeHeapSize                   = 5830732                                {pd product} {ergonomic}
    uintx NonProfiledCodeHeapSize                  = 122913754                              {pd product} {ergonomic}
    uintx ProfiledCodeHeapSize                     = 122913754                              {pd product} {ergonomic}
    uintx ReservedCodeCacheSize                    = 251658240                              {pd product} {ergonomic}
     bool SegmentedCodeCache                       = true                                      {product} {ergonomic}
     bool UseCompressedClassPointers               = true                                 {lp64_product} {ergonomic}
     bool UseCompressedOops                        = true                                 {lp64_product} {ergonomic}
     bool UseG1GC                                  = true                                      {product} {ergonomic}
     bool UseLargePagesIndividualAllocation        = false                                  {pd product} {ergonomic}

Logging:
Log output configuration:
 #0: stdout all=warning uptime,level,tags
 #1: stderr all=off uptime,level,tags

Environment Variables:
PATH=C:\WINDOWS\system32;C:\WINDOWS;C:\WINDOWS\System32\Wbem;C:\WINDOWS\System32\WindowsPowerShell\v1.0\;C:\WINDOWS\System32\OpenSSH\;C:\Program Files\Git\cmd;C:\Users\MrAA\AppData\Local\Microsoft\WindowsApps;C:\Users\MrAA\AppData\Local\Programs\Microsoft VS Code\bin;C:\Users\MrAA\AppData\Local\Android\Sdk\platform-tools;
USERNAME=MrAA
OS=Windows_NT
PROCESSOR_IDENTIFIER=Intel64 Family 6 Model 69 Stepping 1, GenuineIntel



---------------  S Y S T E M  ---------------

OS: Windows 10 , 64 bit Build 19041 (10.0.19041.1202)
OS uptime: 0 days 0:57 hours

CPU:total 4 (initial active 4) (2 cores per cpu, 2 threads per core) family 6 model 69 stepping 1 microcode 0x25, cmov, cx8, fxsr, mmx, sse, sse2, sse3, ssse3, sse4.1, sse4.2, popcnt, avx, avx2, aes, clmul, erms, lzcnt, ht, tsc, tscinvbit, bmi1, bmi2, fma

Memory: 4k page, system-wide physical 7863M (377M free)
TotalPageFile size 23479M (AvailPageFile size 5M)
current process WorkingSet (physical memory assigned to process): 267M, peak: 274M
current process commit charge ("private bytes"): 311M, peak: 316M

vm_info: OpenJDK 64-Bit Server VM (11.0.10+0-b96-7249189) for windows-amd64 JRE (11.0.10+0-b96-7249189), built on Mar 31 2021 21:44:00 by "builder" with MS VC++ 14.0 (VS2015)

END.
